Nonterminals useless in grammar

    start_int_expr
    int_expr
    start_float_expr
    float_expr


Terminals unused in grammar

    COMM
    POW
    BIN
    OCT
    HEX
    DEC


Rules useless in parser due to conflicts

   32 bool_expr: arit_expr HIG arit_expr
   33          | arit_expr HEQ arit_expr
   34          | arit_expr LOW arit_expr
   35          | arit_expr LEQ arit_expr
   36          | arit_expr EQU arit_expr
   37          | arit_expr NEQ arit_expr

   51 str_expr: str_expr ADD arit_expr
   53         | SUBSTR str_expr arit_expr arit_expr


State 21 conflicts: 8 shift/reduce, 1 reduce/reduce
State 22 conflicts: 3 shift/reduce
State 23 conflicts: 1 shift/reduce
State 25 conflicts: 1 reduce/reduce
State 26 conflicts: 1 shift/reduce
State 27 conflicts: 1 shift/reduce
State 34 conflicts: 2 shift/reduce, 25 reduce/reduce
State 35 conflicts: 2 shift/reduce, 25 reduce/reduce
State 36 conflicts: 2 shift/reduce, 25 reduce/reduce
State 38 conflicts: 2 shift/reduce, 25 reduce/reduce
State 39 conflicts: 2 shift/reduce, 25 reduce/reduce
State 41 conflicts: 8 shift/reduce
State 43 conflicts: 4 reduce/reduce
State 44 conflicts: 2 shift/reduce
State 45 conflicts: 1 shift/reduce
State 47 conflicts: 9 shift/reduce
State 48 conflicts: 1 shift/reduce
State 66 conflicts: 11 reduce/reduce
State 67 conflicts: 11 reduce/reduce
State 68 conflicts: 8 shift/reduce
State 69 conflicts: 4 reduce/reduce
State 72 conflicts: 3 shift/reduce
State 76 conflicts: 12 shift/reduce
State 80 conflicts: 3 shift/reduce, 25 reduce/reduce
State 81 conflicts: 1 shift/reduce
State 82 conflicts: 2 shift/reduce
State 83 conflicts: 3 shift/reduce, 25 reduce/reduce
State 84 conflicts: 2 shift/reduce, 4 reduce/reduce
State 85 conflicts: 2 shift/reduce, 4 reduce/reduce
State 86 conflicts: 2 shift/reduce, 4 reduce/reduce
State 87 conflicts: 2 shift/reduce, 4 reduce/reduce
State 88 conflicts: 2 shift/reduce, 4 reduce/reduce
State 89 conflicts: 2 shift/reduce, 4 reduce/reduce
State 90 conflicts: 1 shift/reduce, 25 reduce/reduce
State 91 conflicts: 1 shift/reduce, 25 reduce/reduce
State 92 conflicts: 1 shift/reduce, 25 reduce/reduce
State 93 conflicts: 25 reduce/reduce
State 94 conflicts: 1 shift/reduce, 4 reduce/reduce
State 95 conflicts: 4 reduce/reduce
State 96 conflicts: 2 shift/reduce, 25 reduce/reduce
State 97 conflicts: 1 shift/reduce
State 100 conflicts: 2 shift/reduce, 27 reduce/reduce
State 103 conflicts: 2 shift/reduce, 25 reduce/reduce


Grammar

    0 $accept: calculator $end

    1 calculator: stmnt_list

    2 stmnt_list: expr ENDLINE stmnt_list
    3           | ENDLINE stmnt_list
    4           | ε

    5 expr: arit_expr
    6     | bool_expr
    7     | str_expr
    8     | ID ASSIGN str_expr

    9 arit_expr: LEN str_expr
   10          | SUB arit_expr
   11          | ADD arit_expr
   12          | arit_expr ADD arit_term
   13          | arit_expr SUB arit_term
   14          | arit_term

   15 arit_term: arit_term MUL arit_pow
   16          | arit_term DIV arit_pow
   17          | arit_term MOD arit_pow
   18          | arit_pow

   19 arit_pow: arit_pow ADD arit_factor
   20         | arit_factor

   21 arit_factor: INT
   22            | FLOAT
   23            | PI
   24            | E
   25            | SIN arit_expr
   26            | COS arit_expr
   27            | TAN arit_expr
   28            | arit_expr
   29            | '(' arit_expr ')'
   30            | ID ASSIGN INT
   31            | ID ASSIGN FLOAT

   32 bool_expr: arit_expr HIG arit_expr
   33          | arit_expr HEQ arit_expr
   34          | arit_expr LOW arit_expr
   35          | arit_expr LEQ arit_expr
   36          | arit_expr EQU arit_expr
   37          | arit_expr NEQ arit_expr
   38          | bool_orr

   39 bool_orr: bool_orr ORR bool_and
   40         | bool_and

   41 bool_and: bool_and AND bool_not
   42         | bool_not

   43 bool_not: NOT bool_term
   44         | bool_term

   45 bool_term: BOOL
   46          | ID ASSIGN bool_expr
   47          | bool_expr
   48          | '(' bool_expr ')'

   49 str_expr: STRING
   50         | str_expr ADD str_expr
   51         | str_expr ADD arit_expr
   52         | arit_expr ADD str_expr
   53         | SUBSTR str_expr arit_expr arit_expr


Terminals, with rules where they appear

    $end (0) 0
    '(' (40) 29 48
    ')' (41) 29 48
    error (256)
    ID <id> (258) 8 30 31 46
    INT <ival> (259) 21 30
    BOOL <ival> (260) 45
    FLOAT <fval> (261) 22 31
    PI <fval> (262) 23
    E <fval> (263) 24
    SIN <fval> (264) 25
    COS <fval> (265) 26
    TAN <fval> (266) 27
    STRING <sval> (267) 49
    COMM <sense_valor> (268)
    ASSIGN <sense_valor> (269) 8 30 31 46
    ENDLINE <sense_valor> (270) 2 3
    ADD <sense_valor> (271) 11 12 19 50 51 52
    SUB <sense_valor> (272) 10 13
    MUL <sense_valor> (273) 15
    DIV <sense_valor> (274) 16
    MOD <sense_valor> (275) 17
    POW <sense_valor> (276)
    HIG <sense_valor> (277) 32
    HEQ <sense_valor> (278) 33
    LOW <sense_valor> (279) 34
    LEQ <sense_valor> (280) 35
    EQU <sense_valor> (281) 36
    NEQ <sense_valor> (282) 37
    NOT <sense_valor> (283) 43
    AND <sense_valor> (284) 41
    ORR <sense_valor> (285) 39
    LEN <sense_valor> (286) 9
    SUBSTR <sense_valor> (287) 53
    BIN <sense_valor> (288)
    OCT <sense_valor> (289)
    HEX <sense_valor> (290)
    DEC <sense_valor> (291)


Nonterminals, with rules where they appear

    $accept (39)
        on left: 0
    calculator (40)
        on left: 1
        on right: 0
    stmnt_list (41)
        on left: 2 3 4
        on right: 1 2 3
    expr <expr_val> (42)
        on left: 5 6 7 8
        on right: 2
    arit_expr <expr_val> (43)
        on left: 9 10 11 12 13 14
        on right: 5 10 11 12 13 25 26 27 28 29 32 33 34 35 36 37 51 52 53
    arit_term <expr_val> (44)
        on left: 15 16 17 18
        on right: 12 13 14 15 16 17
    arit_pow <expr_val> (45)
        on left: 19 20
        on right: 15 16 17 18 19
    arit_factor <expr_val> (46)
        on left: 21 22 23 24 25 26 27 28 29 30 31
        on right: 19 20
    bool_expr <expr_val.bval> (47)
        on left: 32 33 34 35 36 37 38
        on right: 6 46 47 48
    bool_orr <expr_val.bval> (48)
        on left: 39 40
        on right: 38 39
    bool_and <expr_val.bval> (49)
        on left: 41 42
        on right: 39 40 41
    bool_not <expr_val.bval> (50)
        on left: 43 44
        on right: 41 42
    bool_term <expr_val.bval> (51)
        on left: 45 46 47 48
        on right: 43 44
    str_expr <expr_val.sval> (52)
        on left: 49 50 51 52 53
        on right: 7 8 9 50 51 52 53


State 0

    0 $accept: • calculator $end

    ID       shift, and go to state 1
    INT      shift, and go to state 2
    BOOL     shift, and go to state 3
    FLOAT    shift, and go to state 4
    PI       shift, and go to state 5
    E        shift, and go to state 6
    SIN      shift, and go to state 7
    COS      shift, and go to state 8
    TAN      shift, and go to state 9
    STRING   shift, and go to state 10
    ENDLINE  shift, and go to state 11
    ADD      shift, and go to state 12
    SUB      shift, and go to state 13
    NOT      shift, and go to state 14
    LEN      shift, and go to state 15
    SUBSTR   shift, and go to state 16
    '('      shift, and go to state 17

    $default  reduce using rule 4 (stmnt_list)

    calculator   go to state 18
    stmnt_list   go to state 19
    expr         go to state 20
    arit_expr    go to state 21
    arit_term    go to state 22
    arit_pow     go to state 23
    arit_factor  go to state 24
    bool_expr    go to state 25
    bool_orr     go to state 26
    bool_and     go to state 27
    bool_not     go to state 28
    bool_term    go to state 29
    str_expr     go to state 30


State 1

    8 expr: ID • ASSIGN str_expr
   30 arit_factor: ID • ASSIGN INT
   31            | ID • ASSIGN FLOAT
   46 bool_term: ID • ASSIGN bool_expr

    ASSIGN  shift, and go to state 31


State 2

   21 arit_factor: INT •

    $default  reduce using rule 21 (arit_factor)


State 3

   45 bool_term: BOOL •

    $default  reduce using rule 45 (bool_term)


State 4

   22 arit_factor: FLOAT •

    $default  reduce using rule 22 (arit_factor)


State 5

   23 arit_factor: PI •

    $default  reduce using rule 23 (arit_factor)


State 6

   24 arit_factor: E •

    $default  reduce using rule 24 (arit_factor)


State 7

   25 arit_factor: SIN • arit_expr

    ID     shift, and go to state 32
    INT    shift, and go to state 2
    FLOAT  shift, and go to state 4
    PI     shift, and go to state 5
    E      shift, and go to state 6
    SIN    shift, and go to state 7
    COS    shift, and go to state 8
    TAN    shift, and go to state 9
    ADD    shift, and go to state 12
    SUB    shift, and go to state 13
    LEN    shift, and go to state 15
    '('    shift, and go to state 33

    arit_expr    go to state 34
    arit_term    go to state 22
    arit_pow     go to state 23
    arit_factor  go to state 24


State 8

   26 arit_factor: COS • arit_expr

    ID     shift, and go to state 32
    INT    shift, and go to state 2
    FLOAT  shift, and go to state 4
    PI     shift, and go to state 5
    E      shift, and go to state 6
    SIN    shift, and go to state 7
    COS    shift, and go to state 8
    TAN    shift, and go to state 9
    ADD    shift, and go to state 12
    SUB    shift, and go to state 13
    LEN    shift, and go to state 15
    '('    shift, and go to state 33

    arit_expr    go to state 35
    arit_term    go to state 22
    arit_pow     go to state 23
    arit_factor  go to state 24


State 9

   27 arit_factor: TAN • arit_expr

    ID     shift, and go to state 32
    INT    shift, and go to state 2
    FLOAT  shift, and go to state 4
    PI     shift, and go to state 5
    E      shift, and go to state 6
    SIN    shift, and go to state 7
    COS    shift, and go to state 8
    TAN    shift, and go to state 9
    ADD    shift, and go to state 12
    SUB    shift, and go to state 13
    LEN    shift, and go to state 15
    '('    shift, and go to state 33

    arit_expr    go to state 36
    arit_term    go to state 22
    arit_pow     go to state 23
    arit_factor  go to state 24


State 10

   49 str_expr: STRING •

    $default  reduce using rule 49 (str_expr)


State 11

    3 stmnt_list: ENDLINE • stmnt_list

    ID       shift, and go to state 1
    INT      shift, and go to state 2
    BOOL     shift, and go to state 3
    FLOAT    shift, and go to state 4
    PI       shift, and go to state 5
    E        shift, and go to state 6
    SIN      shift, and go to state 7
    COS      shift, and go to state 8
    TAN      shift, and go to state 9
    STRING   shift, and go to state 10
    ENDLINE  shift, and go to state 11
    ADD      shift, and go to state 12
    SUB      shift, and go to state 13
    NOT      shift, and go to state 14
    LEN      shift, and go to state 15
    SUBSTR   shift, and go to state 16
    '('      shift, and go to state 17

    $default  reduce using rule 4 (stmnt_list)

    stmnt_list   go to state 37
    expr         go to state 20
    arit_expr    go to state 21
    arit_term    go to state 22
    arit_pow     go to state 23
    arit_factor  go to state 24
    bool_expr    go to state 25
    bool_orr     go to state 26
    bool_and     go to state 27
    bool_not     go to state 28
    bool_term    go to state 29
    str_expr     go to state 30


State 12

   11 arit_expr: ADD • arit_expr

    ID     shift, and go to state 32
    INT    shift, and go to state 2
    FLOAT  shift, and go to state 4
    PI     shift, and go to state 5
    E      shift, and go to state 6
    SIN    shift, and go to state 7
    COS    shift, and go to state 8
    TAN    shift, and go to state 9
    ADD    shift, and go to state 12
    SUB    shift, and go to state 13
    LEN    shift, and go to state 15
    '('    shift, and go to state 33

    arit_expr    go to state 38
    arit_term    go to state 22
    arit_pow     go to state 23
    arit_factor  go to state 24


State 13

   10 arit_expr: SUB • arit_expr

    ID     shift, and go to state 32
    INT    shift, and go to state 2
    FLOAT  shift, and go to state 4
    PI     shift, and go to state 5
    E      shift, and go to state 6
    SIN    shift, and go to state 7
    COS    shift, and go to state 8
    TAN    shift, and go to state 9
    ADD    shift, and go to state 12
    SUB    shift, and go to state 13
    LEN    shift, and go to state 15
    '('    shift, and go to state 33

    arit_expr    go to state 39
    arit_term    go to state 22
    arit_pow     go to state 23
    arit_factor  go to state 24


State 14

   43 bool_not: NOT • bool_term

    ID     shift, and go to state 40
    INT    shift, and go to state 2
    BOOL   shift, and go to state 3
    FLOAT  shift, and go to state 4
    PI     shift, and go to state 5
    E      shift, and go to state 6
    SIN    shift, and go to state 7
    COS    shift, and go to state 8
    TAN    shift, and go to state 9
    ADD    shift, and go to state 12
    SUB    shift, and go to state 13
    NOT    shift, and go to state 14
    LEN    shift, and go to state 15
    '('    shift, and go to state 17

    arit_expr    go to state 41
    arit_term    go to state 22
    arit_pow     go to state 23
    arit_factor  go to state 24
    bool_expr    go to state 42
    bool_orr     go to state 26
    bool_and     go to state 27
    bool_not     go to state 28
    bool_term    go to state 43


State 15

    9 arit_expr: LEN • str_expr

    ID      shift, and go to state 32
    INT     shift, and go to state 2
    FLOAT   shift, and go to state 4
    PI      shift, and go to state 5
    E       shift, and go to state 6
    SIN     shift, and go to state 7
    COS     shift, and go to state 8
    TAN     shift, and go to state 9
    STRING  shift, and go to state 10
    ADD     shift, and go to state 12
    SUB     shift, and go to state 13
    LEN     shift, and go to state 15
    SUBSTR  shift, and go to state 16
    '('     shift, and go to state 33

    arit_expr    go to state 44
    arit_term    go to state 22
    arit_pow     go to state 23
    arit_factor  go to state 24
    str_expr     go to state 45


State 16

   53 str_expr: SUBSTR • str_expr arit_expr arit_expr

    ID      shift, and go to state 32
    INT     shift, and go to state 2
    FLOAT   shift, and go to state 4
    PI      shift, and go to state 5
    E       shift, and go to state 6
    SIN     shift, and go to state 7
    COS     shift, and go to state 8
    TAN     shift, and go to state 9
    STRING  shift, and go to state 10
    ADD     shift, and go to state 12
    SUB     shift, and go to state 13
    LEN     shift, and go to state 15
    SUBSTR  shift, and go to state 16
    '('     shift, and go to state 33

    arit_expr    go to state 44
    arit_term    go to state 22
    arit_pow     go to state 23
    arit_factor  go to state 24
    str_expr     go to state 46


State 17

   29 arit_factor: '(' • arit_expr ')'
   48 bool_term: '(' • bool_expr ')'

    ID     shift, and go to state 40
    INT    shift, and go to state 2
    BOOL   shift, and go to state 3
    FLOAT  shift, and go to state 4
    PI     shift, and go to state 5
    E      shift, and go to state 6
    SIN    shift, and go to state 7
    COS    shift, and go to state 8
    TAN    shift, and go to state 9
    ADD    shift, and go to state 12
    SUB    shift, and go to state 13
    NOT    shift, and go to state 14
    LEN    shift, and go to state 15
    '('    shift, and go to state 17

    arit_expr    go to state 47
    arit_term    go to state 22
    arit_pow     go to state 23
    arit_factor  go to state 24
    bool_expr    go to state 48
    bool_orr     go to state 26
    bool_and     go to state 27
    bool_not     go to state 28
    bool_term    go to state 29


State 18

    0 $accept: calculator • $end

    $end  shift, and go to state 49


State 19

    1 calculator: stmnt_list •

    $default  reduce using rule 1 (calculator)


State 20

    2 stmnt_list: expr • ENDLINE stmnt_list

    ENDLINE  shift, and go to state 50


State 21

    5 expr: arit_expr •
   12 arit_expr: arit_expr • ADD arit_term
   13          | arit_expr • SUB arit_term
   28 arit_factor: arit_expr •
   32 bool_expr: arit_expr • HIG arit_expr
   33          | arit_expr • HEQ arit_expr
   34          | arit_expr • LOW arit_expr
   35          | arit_expr • LEQ arit_expr
   36          | arit_expr • EQU arit_expr
   37          | arit_expr • NEQ arit_expr
   52 str_expr: arit_expr • ADD str_expr

    ADD  shift, and go to state 51
    SUB  shift, and go to state 52
    HIG  shift, and go to state 53
    HEQ  shift, and go to state 54
    LOW  shift, and go to state 55
    LEQ  shift, and go to state 56
    EQU  shift, and go to state 57
    NEQ  shift, and go to state 58

    ENDLINE   reduce using rule 5 (expr)
    ENDLINE   [reduce using rule 28 (arit_factor)]
    ADD       [reduce using rule 28 (arit_factor)]
    SUB       [reduce using rule 28 (arit_factor)]
    HIG       [reduce using rule 28 (arit_factor)]
    HEQ       [reduce using rule 28 (arit_factor)]
    LOW       [reduce using rule 28 (arit_factor)]
    LEQ       [reduce using rule 28 (arit_factor)]
    EQU       [reduce using rule 28 (arit_factor)]
    NEQ       [reduce using rule 28 (arit_factor)]
    $default  reduce using rule 28 (arit_factor)


State 22

   14 arit_expr: arit_term •
   15 arit_term: arit_term • MUL arit_pow
   16          | arit_term • DIV arit_pow
   17          | arit_term • MOD arit_pow

    MUL  shift, and go to state 59
    DIV  shift, and go to state 60
    MOD  shift, and go to state 61

    MUL       [reduce using rule 14 (arit_expr)]
    DIV       [reduce using rule 14 (arit_expr)]
    MOD       [reduce using rule 14 (arit_expr)]
    $default  reduce using rule 14 (arit_expr)


State 23

   18 arit_term: arit_pow •
   19 arit_pow: arit_pow • ADD arit_factor

    ADD  shift, and go to state 62

    ADD       [reduce using rule 18 (arit_term)]
    $default  reduce using rule 18 (arit_term)


State 24

   20 arit_pow: arit_factor •

    $default  reduce using rule 20 (arit_pow)


State 25

    6 expr: bool_expr •
   47 bool_term: bool_expr •

    ENDLINE   reduce using rule 6 (expr)
    ENDLINE   [reduce using rule 47 (bool_term)]
    $default  reduce using rule 47 (bool_term)


State 26

   38 bool_expr: bool_orr •
   39 bool_orr: bool_orr • ORR bool_and

    ORR  shift, and go to state 63

    ORR       [reduce using rule 38 (bool_expr)]
    $default  reduce using rule 38 (bool_expr)


State 27

   40 bool_orr: bool_and •
   41 bool_and: bool_and • AND bool_not

    AND  shift, and go to state 64

    AND       [reduce using rule 40 (bool_orr)]
    $default  reduce using rule 40 (bool_orr)


State 28

   42 bool_and: bool_not •

    $default  reduce using rule 42 (bool_and)


State 29

   44 bool_not: bool_term •

    $default  reduce using rule 44 (bool_not)


State 30

    7 expr: str_expr •
   50 str_expr: str_expr • ADD str_expr
   51         | str_expr • ADD arit_expr

    ADD  shift, and go to state 65

    $default  reduce using rule 7 (expr)


State 31

    8 expr: ID ASSIGN • str_expr
   30 arit_factor: ID ASSIGN • INT
   31            | ID ASSIGN • FLOAT
   46 bool_term: ID ASSIGN • bool_expr

    ID      shift, and go to state 40
    INT     shift, and go to state 66
    BOOL    shift, and go to state 3
    FLOAT   shift, and go to state 67
    PI      shift, and go to state 5
    E       shift, and go to state 6
    SIN     shift, and go to state 7
    COS     shift, and go to state 8
    TAN     shift, and go to state 9
    STRING  shift, and go to state 10
    ADD     shift, and go to state 12
    SUB     shift, and go to state 13
    NOT     shift, and go to state 14
    LEN     shift, and go to state 15
    SUBSTR  shift, and go to state 16
    '('     shift, and go to state 17

    arit_expr    go to state 68
    arit_term    go to state 22
    arit_pow     go to state 23
    arit_factor  go to state 24
    bool_expr    go to state 69
    bool_orr     go to state 26
    bool_and     go to state 27
    bool_not     go to state 28
    bool_term    go to state 29
    str_expr     go to state 70


State 32

   30 arit_factor: ID • ASSIGN INT
   31            | ID • ASSIGN FLOAT

    ASSIGN  shift, and go to state 71


State 33

   29 arit_factor: '(' • arit_expr ')'

    ID     shift, and go to state 32
    INT    shift, and go to state 2
    FLOAT  shift, and go to state 4
    PI     shift, and go to state 5
    E      shift, and go to state 6
    SIN    shift, and go to state 7
    COS    shift, and go to state 8
    TAN    shift, and go to state 9
    ADD    shift, and go to state 12
    SUB    shift, and go to state 13
    LEN    shift, and go to state 15
    '('    shift, and go to state 33

    arit_expr    go to state 72
    arit_term    go to state 22
    arit_pow     go to state 23
    arit_factor  go to state 24


State 34

   12 arit_expr: arit_expr • ADD arit_term
   13          | arit_expr • SUB arit_term
   25 arit_factor: SIN arit_expr •
   28            | arit_expr •

    ADD  shift, and go to state 73
    SUB  shift, and go to state 52

    ID        reduce using rule 25 (arit_factor)
    ID        [reduce using rule 28 (arit_factor)]
    INT       reduce using rule 25 (arit_factor)
    INT       [reduce using rule 28 (arit_factor)]
    FLOAT     reduce using rule 25 (arit_factor)
    FLOAT     [reduce using rule 28 (arit_factor)]
    PI        reduce using rule 25 (arit_factor)
    PI        [reduce using rule 28 (arit_factor)]
    E         reduce using rule 25 (arit_factor)
    E         [reduce using rule 28 (arit_factor)]
    SIN       reduce using rule 25 (arit_factor)
    SIN       [reduce using rule 28 (arit_factor)]
    COS       reduce using rule 25 (arit_factor)
    COS       [reduce using rule 28 (arit_factor)]
    TAN       reduce using rule 25 (arit_factor)
    TAN       [reduce using rule 28 (arit_factor)]
    ENDLINE   reduce using rule 25 (arit_factor)
    ENDLINE   [reduce using rule 28 (arit_factor)]
    ADD       [reduce using rule 25 (arit_factor)]
    ADD       [reduce using rule 28 (arit_factor)]
    SUB       [reduce using rule 25 (arit_factor)]
    SUB       [reduce using rule 28 (arit_factor)]
    MUL       reduce using rule 25 (arit_factor)
    MUL       [reduce using rule 28 (arit_factor)]
    DIV       reduce using rule 25 (arit_factor)
    DIV       [reduce using rule 28 (arit_factor)]
    MOD       reduce using rule 25 (arit_factor)
    MOD       [reduce using rule 28 (arit_factor)]
    HIG       reduce using rule 25 (arit_factor)
    HIG       [reduce using rule 28 (arit_factor)]
    HEQ       reduce using rule 25 (arit_factor)
    HEQ       [reduce using rule 28 (arit_factor)]
    LOW       reduce using rule 25 (arit_factor)
    LOW       [reduce using rule 28 (arit_factor)]
    LEQ       reduce using rule 25 (arit_factor)
    LEQ       [reduce using rule 28 (arit_factor)]
    EQU       reduce using rule 25 (arit_factor)
    EQU       [reduce using rule 28 (arit_factor)]
    NEQ       reduce using rule 25 (arit_factor)
    NEQ       [reduce using rule 28 (arit_factor)]
    AND       reduce using rule 25 (arit_factor)
    AND       [reduce using rule 28 (arit_factor)]
    ORR       reduce using rule 25 (arit_factor)
    ORR       [reduce using rule 28 (arit_factor)]
    LEN       reduce using rule 25 (arit_factor)
    LEN       [reduce using rule 28 (arit_factor)]
    '('       reduce using rule 25 (arit_factor)
    '('       [reduce using rule 28 (arit_factor)]
    ')'       reduce using rule 25 (arit_factor)
    ')'       [reduce using rule 28 (arit_factor)]
    $default  reduce using rule 25 (arit_factor)


State 35

   12 arit_expr: arit_expr • ADD arit_term
   13          | arit_expr • SUB arit_term
   26 arit_factor: COS arit_expr •
   28            | arit_expr •

    ADD  shift, and go to state 73
    SUB  shift, and go to state 52

    ID        reduce using rule 26 (arit_factor)
    ID        [reduce using rule 28 (arit_factor)]
    INT       reduce using rule 26 (arit_factor)
    INT       [reduce using rule 28 (arit_factor)]
    FLOAT     reduce using rule 26 (arit_factor)
    FLOAT     [reduce using rule 28 (arit_factor)]
    PI        reduce using rule 26 (arit_factor)
    PI        [reduce using rule 28 (arit_factor)]
    E         reduce using rule 26 (arit_factor)
    E         [reduce using rule 28 (arit_factor)]
    SIN       reduce using rule 26 (arit_factor)
    SIN       [reduce using rule 28 (arit_factor)]
    COS       reduce using rule 26 (arit_factor)
    COS       [reduce using rule 28 (arit_factor)]
    TAN       reduce using rule 26 (arit_factor)
    TAN       [reduce using rule 28 (arit_factor)]
    ENDLINE   reduce using rule 26 (arit_factor)
    ENDLINE   [reduce using rule 28 (arit_factor)]
    ADD       [reduce using rule 26 (arit_factor)]
    ADD       [reduce using rule 28 (arit_factor)]
    SUB       [reduce using rule 26 (arit_factor)]
    SUB       [reduce using rule 28 (arit_factor)]
    MUL       reduce using rule 26 (arit_factor)
    MUL       [reduce using rule 28 (arit_factor)]
    DIV       reduce using rule 26 (arit_factor)
    DIV       [reduce using rule 28 (arit_factor)]
    MOD       reduce using rule 26 (arit_factor)
    MOD       [reduce using rule 28 (arit_factor)]
    HIG       reduce using rule 26 (arit_factor)
    HIG       [reduce using rule 28 (arit_factor)]
    HEQ       reduce using rule 26 (arit_factor)
    HEQ       [reduce using rule 28 (arit_factor)]
    LOW       reduce using rule 26 (arit_factor)
    LOW       [reduce using rule 28 (arit_factor)]
    LEQ       reduce using rule 26 (arit_factor)
    LEQ       [reduce using rule 28 (arit_factor)]
    EQU       reduce using rule 26 (arit_factor)
    EQU       [reduce using rule 28 (arit_factor)]
    NEQ       reduce using rule 26 (arit_factor)
    NEQ       [reduce using rule 28 (arit_factor)]
    AND       reduce using rule 26 (arit_factor)
    AND       [reduce using rule 28 (arit_factor)]
    ORR       reduce using rule 26 (arit_factor)
    ORR       [reduce using rule 28 (arit_factor)]
    LEN       reduce using rule 26 (arit_factor)
    LEN       [reduce using rule 28 (arit_factor)]
    '('       reduce using rule 26 (arit_factor)
    '('       [reduce using rule 28 (arit_factor)]
    ')'       reduce using rule 26 (arit_factor)
    ')'       [reduce using rule 28 (arit_factor)]
    $default  reduce using rule 26 (arit_factor)


State 36

   12 arit_expr: arit_expr • ADD arit_term
   13          | arit_expr • SUB arit_term
   27 arit_factor: TAN arit_expr •
   28            | arit_expr •

    ADD  shift, and go to state 73
    SUB  shift, and go to state 52

    ID        reduce using rule 27 (arit_factor)
    ID        [reduce using rule 28 (arit_factor)]
    INT       reduce using rule 27 (arit_factor)
    INT       [reduce using rule 28 (arit_factor)]
    FLOAT     reduce using rule 27 (arit_factor)
    FLOAT     [reduce using rule 28 (arit_factor)]
    PI        reduce using rule 27 (arit_factor)
    PI        [reduce using rule 28 (arit_factor)]
    E         reduce using rule 27 (arit_factor)
    E         [reduce using rule 28 (arit_factor)]
    SIN       reduce using rule 27 (arit_factor)
    SIN       [reduce using rule 28 (arit_factor)]
    COS       reduce using rule 27 (arit_factor)
    COS       [reduce using rule 28 (arit_factor)]
    TAN       reduce using rule 27 (arit_factor)
    TAN       [reduce using rule 28 (arit_factor)]
    ENDLINE   reduce using rule 27 (arit_factor)
    ENDLINE   [reduce using rule 28 (arit_factor)]
    ADD       [reduce using rule 27 (arit_factor)]
    ADD       [reduce using rule 28 (arit_factor)]
    SUB       [reduce using rule 27 (arit_factor)]
    SUB       [reduce using rule 28 (arit_factor)]
    MUL       reduce using rule 27 (arit_factor)
    MUL       [reduce using rule 28 (arit_factor)]
    DIV       reduce using rule 27 (arit_factor)
    DIV       [reduce using rule 28 (arit_factor)]
    MOD       reduce using rule 27 (arit_factor)
    MOD       [reduce using rule 28 (arit_factor)]
    HIG       reduce using rule 27 (arit_factor)
    HIG       [reduce using rule 28 (arit_factor)]
    HEQ       reduce using rule 27 (arit_factor)
    HEQ       [reduce using rule 28 (arit_factor)]
    LOW       reduce using rule 27 (arit_factor)
    LOW       [reduce using rule 28 (arit_factor)]
    LEQ       reduce using rule 27 (arit_factor)
    LEQ       [reduce using rule 28 (arit_factor)]
    EQU       reduce using rule 27 (arit_factor)
    EQU       [reduce using rule 28 (arit_factor)]
    NEQ       reduce using rule 27 (arit_factor)
    NEQ       [reduce using rule 28 (arit_factor)]
    AND       reduce using rule 27 (arit_factor)
    AND       [reduce using rule 28 (arit_factor)]
    ORR       reduce using rule 27 (arit_factor)
    ORR       [reduce using rule 28 (arit_factor)]
    LEN       reduce using rule 27 (arit_factor)
    LEN       [reduce using rule 28 (arit_factor)]
    '('       reduce using rule 27 (arit_factor)
    '('       [reduce using rule 28 (arit_factor)]
    ')'       reduce using rule 27 (arit_factor)
    ')'       [reduce using rule 28 (arit_factor)]
    $default  reduce using rule 27 (arit_factor)


State 37

    3 stmnt_list: ENDLINE stmnt_list •

    $default  reduce using rule 3 (stmnt_list)


State 38

   11 arit_expr: ADD arit_expr •
   12          | arit_expr • ADD arit_term
   13          | arit_expr • SUB arit_term
   28 arit_factor: arit_expr •

    ADD  shift, and go to state 73
    SUB  shift, and go to state 52

    ID        reduce using rule 11 (arit_expr)
    ID        [reduce using rule 28 (arit_factor)]
    INT       reduce using rule 11 (arit_expr)
    INT       [reduce using rule 28 (arit_factor)]
    FLOAT     reduce using rule 11 (arit_expr)
    FLOAT     [reduce using rule 28 (arit_factor)]
    PI        reduce using rule 11 (arit_expr)
    PI        [reduce using rule 28 (arit_factor)]
    E         reduce using rule 11 (arit_expr)
    E         [reduce using rule 28 (arit_factor)]
    SIN       reduce using rule 11 (arit_expr)
    SIN       [reduce using rule 28 (arit_factor)]
    COS       reduce using rule 11 (arit_expr)
    COS       [reduce using rule 28 (arit_factor)]
    TAN       reduce using rule 11 (arit_expr)
    TAN       [reduce using rule 28 (arit_factor)]
    ENDLINE   reduce using rule 11 (arit_expr)
    ENDLINE   [reduce using rule 28 (arit_factor)]
    ADD       [reduce using rule 11 (arit_expr)]
    ADD       [reduce using rule 28 (arit_factor)]
    SUB       [reduce using rule 11 (arit_expr)]
    SUB       [reduce using rule 28 (arit_factor)]
    MUL       reduce using rule 11 (arit_expr)
    MUL       [reduce using rule 28 (arit_factor)]
    DIV       reduce using rule 11 (arit_expr)
    DIV       [reduce using rule 28 (arit_factor)]
    MOD       reduce using rule 11 (arit_expr)
    MOD       [reduce using rule 28 (arit_factor)]
    HIG       reduce using rule 11 (arit_expr)
    HIG       [reduce using rule 28 (arit_factor)]
    HEQ       reduce using rule 11 (arit_expr)
    HEQ       [reduce using rule 28 (arit_factor)]
    LOW       reduce using rule 11 (arit_expr)
    LOW       [reduce using rule 28 (arit_factor)]
    LEQ       reduce using rule 11 (arit_expr)
    LEQ       [reduce using rule 28 (arit_factor)]
    EQU       reduce using rule 11 (arit_expr)
    EQU       [reduce using rule 28 (arit_factor)]
    NEQ       reduce using rule 11 (arit_expr)
    NEQ       [reduce using rule 28 (arit_factor)]
    AND       reduce using rule 11 (arit_expr)
    AND       [reduce using rule 28 (arit_factor)]
    ORR       reduce using rule 11 (arit_expr)
    ORR       [reduce using rule 28 (arit_factor)]
    LEN       reduce using rule 11 (arit_expr)
    LEN       [reduce using rule 28 (arit_factor)]
    '('       reduce using rule 11 (arit_expr)
    '('       [reduce using rule 28 (arit_factor)]
    ')'       reduce using rule 11 (arit_expr)
    ')'       [reduce using rule 28 (arit_factor)]
    $default  reduce using rule 11 (arit_expr)


State 39

   10 arit_expr: SUB arit_expr •
   12          | arit_expr • ADD arit_term
   13          | arit_expr • SUB arit_term
   28 arit_factor: arit_expr •

    ADD  shift, and go to state 73
    SUB  shift, and go to state 52

    ID        reduce using rule 10 (arit_expr)
    ID        [reduce using rule 28 (arit_factor)]
    INT       reduce using rule 10 (arit_expr)
    INT       [reduce using rule 28 (arit_factor)]
    FLOAT     reduce using rule 10 (arit_expr)
    FLOAT     [reduce using rule 28 (arit_factor)]
    PI        reduce using rule 10 (arit_expr)
    PI        [reduce using rule 28 (arit_factor)]
    E         reduce using rule 10 (arit_expr)
    E         [reduce using rule 28 (arit_factor)]
    SIN       reduce using rule 10 (arit_expr)
    SIN       [reduce using rule 28 (arit_factor)]
    COS       reduce using rule 10 (arit_expr)
    COS       [reduce using rule 28 (arit_factor)]
    TAN       reduce using rule 10 (arit_expr)
    TAN       [reduce using rule 28 (arit_factor)]
    ENDLINE   reduce using rule 10 (arit_expr)
    ENDLINE   [reduce using rule 28 (arit_factor)]
    ADD       [reduce using rule 10 (arit_expr)]
    ADD       [reduce using rule 28 (arit_factor)]
    SUB       [reduce using rule 10 (arit_expr)]
    SUB       [reduce using rule 28 (arit_factor)]
    MUL       reduce using rule 10 (arit_expr)
    MUL       [reduce using rule 28 (arit_factor)]
    DIV       reduce using rule 10 (arit_expr)
    DIV       [reduce using rule 28 (arit_factor)]
    MOD       reduce using rule 10 (arit_expr)
    MOD       [reduce using rule 28 (arit_factor)]
    HIG       reduce using rule 10 (arit_expr)
    HIG       [reduce using rule 28 (arit_factor)]
    HEQ       reduce using rule 10 (arit_expr)
    HEQ       [reduce using rule 28 (arit_factor)]
    LOW       reduce using rule 10 (arit_expr)
    LOW       [reduce using rule 28 (arit_factor)]
    LEQ       reduce using rule 10 (arit_expr)
    LEQ       [reduce using rule 28 (arit_factor)]
    EQU       reduce using rule 10 (arit_expr)
    EQU       [reduce using rule 28 (arit_factor)]
    NEQ       reduce using rule 10 (arit_expr)
    NEQ       [reduce using rule 28 (arit_factor)]
    AND       reduce using rule 10 (arit_expr)
    AND       [reduce using rule 28 (arit_factor)]
    ORR       reduce using rule 10 (arit_expr)
    ORR       [reduce using rule 28 (arit_factor)]
    LEN       reduce using rule 10 (arit_expr)
    LEN       [reduce using rule 28 (arit_factor)]
    '('       reduce using rule 10 (arit_expr)
    '('       [reduce using rule 28 (arit_factor)]
    ')'       reduce using rule 10 (arit_expr)
    ')'       [reduce using rule 28 (arit_factor)]
    $default  reduce using rule 10 (arit_expr)


State 40

   30 arit_factor: ID • ASSIGN INT
   31            | ID • ASSIGN FLOAT
   46 bool_term: ID • ASSIGN bool_expr

    ASSIGN  shift, and go to state 74


State 41

   12 arit_expr: arit_expr • ADD arit_term
   13          | arit_expr • SUB arit_term
   28 arit_factor: arit_expr •
   32 bool_expr: arit_expr • HIG arit_expr
   33          | arit_expr • HEQ arit_expr
   34          | arit_expr • LOW arit_expr
   35          | arit_expr • LEQ arit_expr
   36          | arit_expr • EQU arit_expr
   37          | arit_expr • NEQ arit_expr

    ADD  shift, and go to state 73
    SUB  shift, and go to state 52
    HIG  shift, and go to state 53
    HEQ  shift, and go to state 54
    LOW  shift, and go to state 55
    LEQ  shift, and go to state 56
    EQU  shift, and go to state 57
    NEQ  shift, and go to state 58

    ADD       [reduce using rule 28 (arit_factor)]
    SUB       [reduce using rule 28 (arit_factor)]
    HIG       [reduce using rule 28 (arit_factor)]
    HEQ       [reduce using rule 28 (arit_factor)]
    LOW       [reduce using rule 28 (arit_factor)]
    LEQ       [reduce using rule 28 (arit_factor)]
    EQU       [reduce using rule 28 (arit_factor)]
    NEQ       [reduce using rule 28 (arit_factor)]
    $default  reduce using rule 28 (arit_factor)


State 42

   47 bool_term: bool_expr •

    $default  reduce using rule 47 (bool_term)


State 43

   43 bool_not: NOT bool_term •
   44         | bool_term •

    ENDLINE   reduce using rule 43 (bool_not)
    ENDLINE   [reduce using rule 44 (bool_not)]
    AND       reduce using rule 43 (bool_not)
    AND       [reduce using rule 44 (bool_not)]
    ORR       reduce using rule 43 (bool_not)
    ORR       [reduce using rule 44 (bool_not)]
    ')'       reduce using rule 43 (bool_not)
    ')'       [reduce using rule 44 (bool_not)]
    $default  reduce using rule 43 (bool_not)


State 44

   12 arit_expr: arit_expr • ADD arit_term
   13          | arit_expr • SUB arit_term
   28 arit_factor: arit_expr •
   52 str_expr: arit_expr • ADD str_expr

    ADD  shift, and go to state 51
    SUB  shift, and go to state 52

    ADD       [reduce using rule 28 (arit_factor)]
    SUB       [reduce using rule 28 (arit_factor)]
    $default  reduce using rule 28 (arit_factor)


State 45

    9 arit_expr: LEN str_expr •
   50 str_expr: str_expr • ADD str_expr
   51         | str_expr • ADD arit_expr

    ADD  shift, and go to state 65

    ADD       [reduce using rule 9 (arit_expr)]
    $default  reduce using rule 9 (arit_expr)


State 46

   50 str_expr: str_expr • ADD str_expr
   51         | str_expr • ADD arit_expr
   53         | SUBSTR str_expr • arit_expr arit_expr

    ID     shift, and go to state 32
    INT    shift, and go to state 2
    FLOAT  shift, and go to state 4
    PI     shift, and go to state 5
    E      shift, and go to state 6
    SIN    shift, and go to state 7
    COS    shift, and go to state 8
    TAN    shift, and go to state 9
    ADD    shift, and go to state 75
    SUB    shift, and go to state 13
    LEN    shift, and go to state 15
    '('    shift, and go to state 33

    arit_expr    go to state 76
    arit_term    go to state 22
    arit_pow     go to state 23
    arit_factor  go to state 24


State 47

   12 arit_expr: arit_expr • ADD arit_term
   13          | arit_expr • SUB arit_term
   28 arit_factor: arit_expr •
   29            | '(' arit_expr • ')'
   32 bool_expr: arit_expr • HIG arit_expr
   33          | arit_expr • HEQ arit_expr
   34          | arit_expr • LOW arit_expr
   35          | arit_expr • LEQ arit_expr
   36          | arit_expr • EQU arit_expr
   37          | arit_expr • NEQ arit_expr

    ADD  shift, and go to state 73
    SUB  shift, and go to state 52
    HIG  shift, and go to state 53
    HEQ  shift, and go to state 54
    LOW  shift, and go to state 55
    LEQ  shift, and go to state 56
    EQU  shift, and go to state 57
    NEQ  shift, and go to state 58
    ')'  shift, and go to state 77

    ADD       [reduce using rule 28 (arit_factor)]
    SUB       [reduce using rule 28 (arit_factor)]
    HIG       [reduce using rule 28 (arit_factor)]
    HEQ       [reduce using rule 28 (arit_factor)]
    LOW       [reduce using rule 28 (arit_factor)]
    LEQ       [reduce using rule 28 (arit_factor)]
    EQU       [reduce using rule 28 (arit_factor)]
    NEQ       [reduce using rule 28 (arit_factor)]
    ')'       [reduce using rule 28 (arit_factor)]
    $default  reduce using rule 28 (arit_factor)


State 48

   47 bool_term: bool_expr •
   48          | '(' bool_expr • ')'

    ')'  shift, and go to state 78

    ')'       [reduce using rule 47 (bool_term)]
    $default  reduce using rule 47 (bool_term)


State 49

    0 $accept: calculator $end •

    $default  accept


State 50

    2 stmnt_list: expr ENDLINE • stmnt_list

    ID       shift, and go to state 1
    INT      shift, and go to state 2
    BOOL     shift, and go to state 3
    FLOAT    shift, and go to state 4
    PI       shift, and go to state 5
    E        shift, and go to state 6
    SIN      shift, and go to state 7
    COS      shift, and go to state 8
    TAN      shift, and go to state 9
    STRING   shift, and go to state 10
    ENDLINE  shift, and go to state 11
    ADD      shift, and go to state 12
    SUB      shift, and go to state 13
    NOT      shift, and go to state 14
    LEN      shift, and go to state 15
    SUBSTR   shift, and go to state 16
    '('      shift, and go to state 17

    $default  reduce using rule 4 (stmnt_list)

    stmnt_list   go to state 79
    expr         go to state 20
    arit_expr    go to state 21
    arit_term    go to state 22
    arit_pow     go to state 23
    arit_factor  go to state 24
    bool_expr    go to state 25
    bool_orr     go to state 26
    bool_and     go to state 27
    bool_not     go to state 28
    bool_term    go to state 29
    str_expr     go to state 30


State 51

   12 arit_expr: arit_expr ADD • arit_term
   52 str_expr: arit_expr ADD • str_expr

    ID      shift, and go to state 32
    INT     shift, and go to state 2
    FLOAT   shift, and go to state 4
    PI      shift, and go to state 5
    E       shift, and go to state 6
    SIN     shift, and go to state 7
    COS     shift, and go to state 8
    TAN     shift, and go to state 9
    STRING  shift, and go to state 10
    ADD     shift, and go to state 12
    SUB     shift, and go to state 13
    LEN     shift, and go to state 15
    SUBSTR  shift, and go to state 16
    '('     shift, and go to state 33

    arit_expr    go to state 44
    arit_term    go to state 80
    arit_pow     go to state 23
    arit_factor  go to state 24
    str_expr     go to state 81


State 52

   13 arit_expr: arit_expr SUB • arit_term

    ID     shift, and go to state 32
    INT    shift, and go to state 2
    FLOAT  shift, and go to state 4
    PI     shift, and go to state 5
    E      shift, and go to state 6
    SIN    shift, and go to state 7
    COS    shift, and go to state 8
    TAN    shift, and go to state 9
    ADD    shift, and go to state 12
    SUB    shift, and go to state 13
    LEN    shift, and go to state 15
    '('    shift, and go to state 33

    arit_expr    go to state 82
    arit_term    go to state 83
    arit_pow     go to state 23
    arit_factor  go to state 24


State 53

   32 bool_expr: arit_expr HIG • arit_expr

    ID     shift, and go to state 32
    INT    shift, and go to state 2
    FLOAT  shift, and go to state 4
    PI     shift, and go to state 5
    E      shift, and go to state 6
    SIN    shift, and go to state 7
    COS    shift, and go to state 8
    TAN    shift, and go to state 9
    ADD    shift, and go to state 12
    SUB    shift, and go to state 13
    LEN    shift, and go to state 15
    '('    shift, and go to state 33

    arit_expr    go to state 84
    arit_term    go to state 22
    arit_pow     go to state 23
    arit_factor  go to state 24


State 54

   33 bool_expr: arit_expr HEQ • arit_expr

    ID     shift, and go to state 32
    INT    shift, and go to state 2
    FLOAT  shift, and go to state 4
    PI     shift, and go to state 5
    E      shift, and go to state 6
    SIN    shift, and go to state 7
    COS    shift, and go to state 8
    TAN    shift, and go to state 9
    ADD    shift, and go to state 12
    SUB    shift, and go to state 13
    LEN    shift, and go to state 15
    '('    shift, and go to state 33

    arit_expr    go to state 85
    arit_term    go to state 22
    arit_pow     go to state 23
    arit_factor  go to state 24


State 55

   34 bool_expr: arit_expr LOW • arit_expr

    ID     shift, and go to state 32
    INT    shift, and go to state 2
    FLOAT  shift, and go to state 4
    PI     shift, and go to state 5
    E      shift, and go to state 6
    SIN    shift, and go to state 7
    COS    shift, and go to state 8
    TAN    shift, and go to state 9
    ADD    shift, and go to state 12
    SUB    shift, and go to state 13
    LEN    shift, and go to state 15
    '('    shift, and go to state 33

    arit_expr    go to state 86
    arit_term    go to state 22
    arit_pow     go to state 23
    arit_factor  go to state 24


State 56

   35 bool_expr: arit_expr LEQ • arit_expr

    ID     shift, and go to state 32
    INT    shift, and go to state 2
    FLOAT  shift, and go to state 4
    PI     shift, and go to state 5
    E      shift, and go to state 6
    SIN    shift, and go to state 7
    COS    shift, and go to state 8
    TAN    shift, and go to state 9
    ADD    shift, and go to state 12
    SUB    shift, and go to state 13
    LEN    shift, and go to state 15
    '('    shift, and go to state 33

    arit_expr    go to state 87
    arit_term    go to state 22
    arit_pow     go to state 23
    arit_factor  go to state 24


State 57

   36 bool_expr: arit_expr EQU • arit_expr

    ID     shift, and go to state 32
    INT    shift, and go to state 2
    FLOAT  shift, and go to state 4
    PI     shift, and go to state 5
    E      shift, and go to state 6
    SIN    shift, and go to state 7
    COS    shift, and go to state 8
    TAN    shift, and go to state 9
    ADD    shift, and go to state 12
    SUB    shift, and go to state 13
    LEN    shift, and go to state 15
    '('    shift, and go to state 33

    arit_expr    go to state 88
    arit_term    go to state 22
    arit_pow     go to state 23
    arit_factor  go to state 24


State 58

   37 bool_expr: arit_expr NEQ • arit_expr

    ID     shift, and go to state 32
    INT    shift, and go to state 2
    FLOAT  shift, and go to state 4
    PI     shift, and go to state 5
    E      shift, and go to state 6
    SIN    shift, and go to state 7
    COS    shift, and go to state 8
    TAN    shift, and go to state 9
    ADD    shift, and go to state 12
    SUB    shift, and go to state 13
    LEN    shift, and go to state 15
    '('    shift, and go to state 33

    arit_expr    go to state 89
    arit_term    go to state 22
    arit_pow     go to state 23
    arit_factor  go to state 24


State 59

   15 arit_term: arit_term MUL • arit_pow

    ID     shift, and go to state 32
    INT    shift, and go to state 2
    FLOAT  shift, and go to state 4
    PI     shift, and go to state 5
    E      shift, and go to state 6
    SIN    shift, and go to state 7
    COS    shift, and go to state 8
    TAN    shift, and go to state 9
    ADD    shift, and go to state 12
    SUB    shift, and go to state 13
    LEN    shift, and go to state 15
    '('    shift, and go to state 33

    arit_expr    go to state 82
    arit_term    go to state 22
    arit_pow     go to state 90
    arit_factor  go to state 24


State 60

   16 arit_term: arit_term DIV • arit_pow

    ID     shift, and go to state 32
    INT    shift, and go to state 2
    FLOAT  shift, and go to state 4
    PI     shift, and go to state 5
    E      shift, and go to state 6
    SIN    shift, and go to state 7
    COS    shift, and go to state 8
    TAN    shift, and go to state 9
    ADD    shift, and go to state 12
    SUB    shift, and go to state 13
    LEN    shift, and go to state 15
    '('    shift, and go to state 33

    arit_expr    go to state 82
    arit_term    go to state 22
    arit_pow     go to state 91
    arit_factor  go to state 24


State 61

   17 arit_term: arit_term MOD • arit_pow

    ID     shift, and go to state 32
    INT    shift, and go to state 2
    FLOAT  shift, and go to state 4
    PI     shift, and go to state 5
    E      shift, and go to state 6
    SIN    shift, and go to state 7
    COS    shift, and go to state 8
    TAN    shift, and go to state 9
    ADD    shift, and go to state 12
    SUB    shift, and go to state 13
    LEN    shift, and go to state 15
    '('    shift, and go to state 33

    arit_expr    go to state 82
    arit_term    go to state 22
    arit_pow     go to state 92
    arit_factor  go to state 24


State 62

   19 arit_pow: arit_pow ADD • arit_factor

    ID     shift, and go to state 32
    INT    shift, and go to state 2
    FLOAT  shift, and go to state 4
    PI     shift, and go to state 5
    E      shift, and go to state 6
    SIN    shift, and go to state 7
    COS    shift, and go to state 8
    TAN    shift, and go to state 9
    ADD    shift, and go to state 12
    SUB    shift, and go to state 13
    LEN    shift, and go to state 15
    '('    shift, and go to state 33

    arit_expr    go to state 82
    arit_term    go to state 22
    arit_pow     go to state 23
    arit_factor  go to state 93


State 63

   39 bool_orr: bool_orr ORR • bool_and

    ID     shift, and go to state 40
    INT    shift, and go to state 2
    BOOL   shift, and go to state 3
    FLOAT  shift, and go to state 4
    PI     shift, and go to state 5
    E      shift, and go to state 6
    SIN    shift, and go to state 7
    COS    shift, and go to state 8
    TAN    shift, and go to state 9
    ADD    shift, and go to state 12
    SUB    shift, and go to state 13
    NOT    shift, and go to state 14
    LEN    shift, and go to state 15
    '('    shift, and go to state 17

    arit_expr    go to state 41
    arit_term    go to state 22
    arit_pow     go to state 23
    arit_factor  go to state 24
    bool_expr    go to state 42
    bool_orr     go to state 26
    bool_and     go to state 94
    bool_not     go to state 28
    bool_term    go to state 29


State 64

   41 bool_and: bool_and AND • bool_not

    ID     shift, and go to state 40
    INT    shift, and go to state 2
    BOOL   shift, and go to state 3
    FLOAT  shift, and go to state 4
    PI     shift, and go to state 5
    E      shift, and go to state 6
    SIN    shift, and go to state 7
    COS    shift, and go to state 8
    TAN    shift, and go to state 9
    ADD    shift, and go to state 12
    SUB    shift, and go to state 13
    NOT    shift, and go to state 14
    LEN    shift, and go to state 15
    '('    shift, and go to state 17

    arit_expr    go to state 41
    arit_term    go to state 22
    arit_pow     go to state 23
    arit_factor  go to state 24
    bool_expr    go to state 42
    bool_orr     go to state 26
    bool_and     go to state 27
    bool_not     go to state 95
    bool_term    go to state 29


State 65

   50 str_expr: str_expr ADD • str_expr
   51         | str_expr ADD • arit_expr

    ID      shift, and go to state 32
    INT     shift, and go to state 2
    FLOAT   shift, and go to state 4
    PI      shift, and go to state 5
    E       shift, and go to state 6
    SIN     shift, and go to state 7
    COS     shift, and go to state 8
    TAN     shift, and go to state 9
    STRING  shift, and go to state 10
    ADD     shift, and go to state 12
    SUB     shift, and go to state 13
    LEN     shift, and go to state 15
    SUBSTR  shift, and go to state 16
    '('     shift, and go to state 33

    arit_expr    go to state 96
    arit_term    go to state 22
    arit_pow     go to state 23
    arit_factor  go to state 24
    str_expr     go to state 97


State 66

   21 arit_factor: INT •
   30            | ID ASSIGN INT •

    ENDLINE   reduce using rule 30 (arit_factor)
    ADD       reduce using rule 21 (arit_factor)
    ADD       [reduce using rule 30 (arit_factor)]
    SUB       reduce using rule 21 (arit_factor)
    SUB       [reduce using rule 30 (arit_factor)]
    MUL       reduce using rule 21 (arit_factor)
    MUL       [reduce using rule 30 (arit_factor)]
    DIV       reduce using rule 21 (arit_factor)
    DIV       [reduce using rule 30 (arit_factor)]
    MOD       reduce using rule 21 (arit_factor)
    MOD       [reduce using rule 30 (arit_factor)]
    HIG       reduce using rule 21 (arit_factor)
    HIG       [reduce using rule 30 (arit_factor)]
    HEQ       reduce using rule 21 (arit_factor)
    HEQ       [reduce using rule 30 (arit_factor)]
    LOW       reduce using rule 21 (arit_factor)
    LOW       [reduce using rule 30 (arit_factor)]
    LEQ       reduce using rule 21 (arit_factor)
    LEQ       [reduce using rule 30 (arit_factor)]
    EQU       reduce using rule 21 (arit_factor)
    EQU       [reduce using rule 30 (arit_factor)]
    NEQ       reduce using rule 21 (arit_factor)
    NEQ       [reduce using rule 30 (arit_factor)]
    ')'       reduce using rule 30 (arit_factor)
    $default  reduce using rule 21 (arit_factor)


State 67

   22 arit_factor: FLOAT •
   31            | ID ASSIGN FLOAT •

    ENDLINE   reduce using rule 31 (arit_factor)
    ADD       reduce using rule 22 (arit_factor)
    ADD       [reduce using rule 31 (arit_factor)]
    SUB       reduce using rule 22 (arit_factor)
    SUB       [reduce using rule 31 (arit_factor)]
    MUL       reduce using rule 22 (arit_factor)
    MUL       [reduce using rule 31 (arit_factor)]
    DIV       reduce using rule 22 (arit_factor)
    DIV       [reduce using rule 31 (arit_factor)]
    MOD       reduce using rule 22 (arit_factor)
    MOD       [reduce using rule 31 (arit_factor)]
    HIG       reduce using rule 22 (arit_factor)
    HIG       [reduce using rule 31 (arit_factor)]
    HEQ       reduce using rule 22 (arit_factor)
    HEQ       [reduce using rule 31 (arit_factor)]
    LOW       reduce using rule 22 (arit_factor)
    LOW       [reduce using rule 31 (arit_factor)]
    LEQ       reduce using rule 22 (arit_factor)
    LEQ       [reduce using rule 31 (arit_factor)]
    EQU       reduce using rule 22 (arit_factor)
    EQU       [reduce using rule 31 (arit_factor)]
    NEQ       reduce using rule 22 (arit_factor)
    NEQ       [reduce using rule 31 (arit_factor)]
    ')'       reduce using rule 31 (arit_factor)
    $default  reduce using rule 22 (arit_factor)


State 68

   12 arit_expr: arit_expr • ADD arit_term
   13          | arit_expr • SUB arit_term
   28 arit_factor: arit_expr •
   32 bool_expr: arit_expr • HIG arit_expr
   33          | arit_expr • HEQ arit_expr
   34          | arit_expr • LOW arit_expr
   35          | arit_expr • LEQ arit_expr
   36          | arit_expr • EQU arit_expr
   37          | arit_expr • NEQ arit_expr
   52 str_expr: arit_expr • ADD str_expr

    ADD  shift, and go to state 51
    SUB  shift, and go to state 52
    HIG  shift, and go to state 53
    HEQ  shift, and go to state 54
    LOW  shift, and go to state 55
    LEQ  shift, and go to state 56
    EQU  shift, and go to state 57
    NEQ  shift, and go to state 58

    ADD       [reduce using rule 28 (arit_factor)]
    SUB       [reduce using rule 28 (arit_factor)]
    HIG       [reduce using rule 28 (arit_factor)]
    HEQ       [reduce using rule 28 (arit_factor)]
    LOW       [reduce using rule 28 (arit_factor)]
    LEQ       [reduce using rule 28 (arit_factor)]
    EQU       [reduce using rule 28 (arit_factor)]
    NEQ       [reduce using rule 28 (arit_factor)]
    $default  reduce using rule 28 (arit_factor)


State 69

   46 bool_term: ID ASSIGN bool_expr •
   47          | bool_expr •

    ENDLINE   reduce using rule 46 (bool_term)
    ENDLINE   [reduce using rule 47 (bool_term)]
    AND       reduce using rule 46 (bool_term)
    AND       [reduce using rule 47 (bool_term)]
    ORR       reduce using rule 46 (bool_term)
    ORR       [reduce using rule 47 (bool_term)]
    ')'       reduce using rule 46 (bool_term)
    ')'       [reduce using rule 47 (bool_term)]
    $default  reduce using rule 46 (bool_term)


State 70

    8 expr: ID ASSIGN str_expr •
   50 str_expr: str_expr • ADD str_expr
   51         | str_expr • ADD arit_expr

    ADD  shift, and go to state 65

    $default  reduce using rule 8 (expr)


State 71

   30 arit_factor: ID ASSIGN • INT
   31            | ID ASSIGN • FLOAT

    INT    shift, and go to state 98
    FLOAT  shift, and go to state 99


State 72

   12 arit_expr: arit_expr • ADD arit_term
   13          | arit_expr • SUB arit_term
   28 arit_factor: arit_expr •
   29            | '(' arit_expr • ')'

    ADD  shift, and go to state 73
    SUB  shift, and go to state 52
    ')'  shift, and go to state 77

    ADD       [reduce using rule 28 (arit_factor)]
    SUB       [reduce using rule 28 (arit_factor)]
    ')'       [reduce using rule 28 (arit_factor)]
    $default  reduce using rule 28 (arit_factor)


State 73

   12 arit_expr: arit_expr ADD • arit_term

    ID     shift, and go to state 32
    INT    shift, and go to state 2
    FLOAT  shift, and go to state 4
    PI     shift, and go to state 5
    E      shift, and go to state 6
    SIN    shift, and go to state 7
    COS    shift, and go to state 8
    TAN    shift, and go to state 9
    ADD    shift, and go to state 12
    SUB    shift, and go to state 13
    LEN    shift, and go to state 15
    '('    shift, and go to state 33

    arit_expr    go to state 82
    arit_term    go to state 80
    arit_pow     go to state 23
    arit_factor  go to state 24


State 74

   30 arit_factor: ID ASSIGN • INT
   31            | ID ASSIGN • FLOAT
   46 bool_term: ID ASSIGN • bool_expr

    ID     shift, and go to state 40
    INT    shift, and go to state 66
    BOOL   shift, and go to state 3
    FLOAT  shift, and go to state 67
    PI     shift, and go to state 5
    E      shift, and go to state 6
    SIN    shift, and go to state 7
    COS    shift, and go to state 8
    TAN    shift, and go to state 9
    ADD    shift, and go to state 12
    SUB    shift, and go to state 13
    NOT    shift, and go to state 14
    LEN    shift, and go to state 15
    '('    shift, and go to state 17

    arit_expr    go to state 41
    arit_term    go to state 22
    arit_pow     go to state 23
    arit_factor  go to state 24
    bool_expr    go to state 69
    bool_orr     go to state 26
    bool_and     go to state 27
    bool_not     go to state 28
    bool_term    go to state 29


State 75

   11 arit_expr: ADD • arit_expr
   50 str_expr: str_expr ADD • str_expr
   51         | str_expr ADD • arit_expr

    ID      shift, and go to state 32
    INT     shift, and go to state 2
    FLOAT   shift, and go to state 4
    PI      shift, and go to state 5
    E       shift, and go to state 6
    SIN     shift, and go to state 7
    COS     shift, and go to state 8
    TAN     shift, and go to state 9
    STRING  shift, and go to state 10
    ADD     shift, and go to state 12
    SUB     shift, and go to state 13
    LEN     shift, and go to state 15
    SUBSTR  shift, and go to state 16
    '('     shift, and go to state 33

    arit_expr    go to state 100
    arit_term    go to state 22
    arit_pow     go to state 23
    arit_factor  go to state 24
    str_expr     go to state 97


State 76

   12 arit_expr: arit_expr • ADD arit_term
   13          | arit_expr • SUB arit_term
   28 arit_factor: arit_expr •
   53 str_expr: SUBSTR str_expr arit_expr • arit_expr

    ID     shift, and go to state 32
    INT    shift, and go to state 2
    FLOAT  shift, and go to state 4
    PI     shift, and go to state 5
    E      shift, and go to state 6
    SIN    shift, and go to state 7
    COS    shift, and go to state 8
    TAN    shift, and go to state 9
    ADD    shift, and go to state 101
    SUB    shift, and go to state 102
    LEN    shift, and go to state 15
    '('    shift, and go to state 33

    ID        [reduce using rule 28 (arit_factor)]
    INT       [reduce using rule 28 (arit_factor)]
    FLOAT     [reduce using rule 28 (arit_factor)]
    PI        [reduce using rule 28 (arit_factor)]
    E         [reduce using rule 28 (arit_factor)]
    SIN       [reduce using rule 28 (arit_factor)]
    COS       [reduce using rule 28 (arit_factor)]
    TAN       [reduce using rule 28 (arit_factor)]
    ADD       [reduce using rule 28 (arit_factor)]
    SUB       [reduce using rule 28 (arit_factor)]
    LEN       [reduce using rule 28 (arit_factor)]
    '('       [reduce using rule 28 (arit_factor)]
    $default  reduce using rule 28 (arit_factor)

    arit_expr    go to state 103
    arit_term    go to state 22
    arit_pow     go to state 23
    arit_factor  go to state 24


State 77

   29 arit_factor: '(' arit_expr ')' •

    $default  reduce using rule 29 (arit_factor)


State 78

   48 bool_term: '(' bool_expr ')' •

    $default  reduce using rule 48 (bool_term)


State 79

    2 stmnt_list: expr ENDLINE stmnt_list •

    $default  reduce using rule 2 (stmnt_list)


State 80

   12 arit_expr: arit_expr ADD arit_term •
   14          | arit_term •
   15 arit_term: arit_term • MUL arit_pow
   16          | arit_term • DIV arit_pow
   17          | arit_term • MOD arit_pow

    MUL  shift, and go to state 59
    DIV  shift, and go to state 60
    MOD  shift, and go to state 61

    ID        reduce using rule 12 (arit_expr)
    ID        [reduce using rule 14 (arit_expr)]
    INT       reduce using rule 12 (arit_expr)
    INT       [reduce using rule 14 (arit_expr)]
    FLOAT     reduce using rule 12 (arit_expr)
    FLOAT     [reduce using rule 14 (arit_expr)]
    PI        reduce using rule 12 (arit_expr)
    PI        [reduce using rule 14 (arit_expr)]
    E         reduce using rule 12 (arit_expr)
    E         [reduce using rule 14 (arit_expr)]
    SIN       reduce using rule 12 (arit_expr)
    SIN       [reduce using rule 14 (arit_expr)]
    COS       reduce using rule 12 (arit_expr)
    COS       [reduce using rule 14 (arit_expr)]
    TAN       reduce using rule 12 (arit_expr)
    TAN       [reduce using rule 14 (arit_expr)]
    ENDLINE   reduce using rule 12 (arit_expr)
    ENDLINE   [reduce using rule 14 (arit_expr)]
    ADD       reduce using rule 12 (arit_expr)
    ADD       [reduce using rule 14 (arit_expr)]
    SUB       reduce using rule 12 (arit_expr)
    SUB       [reduce using rule 14 (arit_expr)]
    MUL       [reduce using rule 12 (arit_expr)]
    MUL       [reduce using rule 14 (arit_expr)]
    DIV       [reduce using rule 12 (arit_expr)]
    DIV       [reduce using rule 14 (arit_expr)]
    MOD       [reduce using rule 12 (arit_expr)]
    MOD       [reduce using rule 14 (arit_expr)]
    HIG       reduce using rule 12 (arit_expr)
    HIG       [reduce using rule 14 (arit_expr)]
    HEQ       reduce using rule 12 (arit_expr)
    HEQ       [reduce using rule 14 (arit_expr)]
    LOW       reduce using rule 12 (arit_expr)
    LOW       [reduce using rule 14 (arit_expr)]
    LEQ       reduce using rule 12 (arit_expr)
    LEQ       [reduce using rule 14 (arit_expr)]
    EQU       reduce using rule 12 (arit_expr)
    EQU       [reduce using rule 14 (arit_expr)]
    NEQ       reduce using rule 12 (arit_expr)
    NEQ       [reduce using rule 14 (arit_expr)]
    AND       reduce using rule 12 (arit_expr)
    AND       [reduce using rule 14 (arit_expr)]
    ORR       reduce using rule 12 (arit_expr)
    ORR       [reduce using rule 14 (arit_expr)]
    LEN       reduce using rule 12 (arit_expr)
    LEN       [reduce using rule 14 (arit_expr)]
    '('       reduce using rule 12 (arit_expr)
    '('       [reduce using rule 14 (arit_expr)]
    ')'       reduce using rule 12 (arit_expr)
    ')'       [reduce using rule 14 (arit_expr)]
    $default  reduce using rule 12 (arit_expr)


State 81

   50 str_expr: str_expr • ADD str_expr
   51         | str_expr • ADD arit_expr
   52         | arit_expr ADD str_expr •

    ADD  shift, and go to state 65

    ADD       [reduce using rule 52 (str_expr)]
    $default  reduce using rule 52 (str_expr)


State 82

   12 arit_expr: arit_expr • ADD arit_term
   13          | arit_expr • SUB arit_term
   28 arit_factor: arit_expr •

    ADD  shift, and go to state 73
    SUB  shift, and go to state 52

    ADD       [reduce using rule 28 (arit_factor)]
    SUB       [reduce using rule 28 (arit_factor)]
    $default  reduce using rule 28 (arit_factor)


State 83

   13 arit_expr: arit_expr SUB arit_term •
   14          | arit_term •
   15 arit_term: arit_term • MUL arit_pow
   16          | arit_term • DIV arit_pow
   17          | arit_term • MOD arit_pow

    MUL  shift, and go to state 59
    DIV  shift, and go to state 60
    MOD  shift, and go to state 61

    ID        reduce using rule 13 (arit_expr)
    ID        [reduce using rule 14 (arit_expr)]
    INT       reduce using rule 13 (arit_expr)
    INT       [reduce using rule 14 (arit_expr)]
    FLOAT     reduce using rule 13 (arit_expr)
    FLOAT     [reduce using rule 14 (arit_expr)]
    PI        reduce using rule 13 (arit_expr)
    PI        [reduce using rule 14 (arit_expr)]
    E         reduce using rule 13 (arit_expr)
    E         [reduce using rule 14 (arit_expr)]
    SIN       reduce using rule 13 (arit_expr)
    SIN       [reduce using rule 14 (arit_expr)]
    COS       reduce using rule 13 (arit_expr)
    COS       [reduce using rule 14 (arit_expr)]
    TAN       reduce using rule 13 (arit_expr)
    TAN       [reduce using rule 14 (arit_expr)]
    ENDLINE   reduce using rule 13 (arit_expr)
    ENDLINE   [reduce using rule 14 (arit_expr)]
    ADD       reduce using rule 13 (arit_expr)
    ADD       [reduce using rule 14 (arit_expr)]
    SUB       reduce using rule 13 (arit_expr)
    SUB       [reduce using rule 14 (arit_expr)]
    MUL       [reduce using rule 13 (arit_expr)]
    MUL       [reduce using rule 14 (arit_expr)]
    DIV       [reduce using rule 13 (arit_expr)]
    DIV       [reduce using rule 14 (arit_expr)]
    MOD       [reduce using rule 13 (arit_expr)]
    MOD       [reduce using rule 14 (arit_expr)]
    HIG       reduce using rule 13 (arit_expr)
    HIG       [reduce using rule 14 (arit_expr)]
    HEQ       reduce using rule 13 (arit_expr)
    HEQ       [reduce using rule 14 (arit_expr)]
    LOW       reduce using rule 13 (arit_expr)
    LOW       [reduce using rule 14 (arit_expr)]
    LEQ       reduce using rule 13 (arit_expr)
    LEQ       [reduce using rule 14 (arit_expr)]
    EQU       reduce using rule 13 (arit_expr)
    EQU       [reduce using rule 14 (arit_expr)]
    NEQ       reduce using rule 13 (arit_expr)
    NEQ       [reduce using rule 14 (arit_expr)]
    AND       reduce using rule 13 (arit_expr)
    AND       [reduce using rule 14 (arit_expr)]
    ORR       reduce using rule 13 (arit_expr)
    ORR       [reduce using rule 14 (arit_expr)]
    LEN       reduce using rule 13 (arit_expr)
    LEN       [reduce using rule 14 (arit_expr)]
    '('       reduce using rule 13 (arit_expr)
    '('       [reduce using rule 14 (arit_expr)]
    ')'       reduce using rule 13 (arit_expr)
    ')'       [reduce using rule 14 (arit_expr)]
    $default  reduce using rule 13 (arit_expr)


State 84

   12 arit_expr: arit_expr • ADD arit_term
   13          | arit_expr • SUB arit_term
   28 arit_factor: arit_expr •
   32 bool_expr: arit_expr HIG arit_expr •

    ADD  shift, and go to state 73
    SUB  shift, and go to state 52

    ENDLINE   reduce using rule 28 (arit_factor)
    ENDLINE   [reduce using rule 32 (bool_expr)]
    ADD       [reduce using rule 28 (arit_factor)]
    SUB       [reduce using rule 28 (arit_factor)]
    AND       reduce using rule 28 (arit_factor)
    AND       [reduce using rule 32 (bool_expr)]
    ORR       reduce using rule 28 (arit_factor)
    ORR       [reduce using rule 32 (bool_expr)]
    ')'       reduce using rule 28 (arit_factor)
    ')'       [reduce using rule 32 (bool_expr)]
    $default  reduce using rule 28 (arit_factor)


State 85

   12 arit_expr: arit_expr • ADD arit_term
   13          | arit_expr • SUB arit_term
   28 arit_factor: arit_expr •
   33 bool_expr: arit_expr HEQ arit_expr •

    ADD  shift, and go to state 73
    SUB  shift, and go to state 52

    ENDLINE   reduce using rule 28 (arit_factor)
    ENDLINE   [reduce using rule 33 (bool_expr)]
    ADD       [reduce using rule 28 (arit_factor)]
    SUB       [reduce using rule 28 (arit_factor)]
    AND       reduce using rule 28 (arit_factor)
    AND       [reduce using rule 33 (bool_expr)]
    ORR       reduce using rule 28 (arit_factor)
    ORR       [reduce using rule 33 (bool_expr)]
    ')'       reduce using rule 28 (arit_factor)
    ')'       [reduce using rule 33 (bool_expr)]
    $default  reduce using rule 28 (arit_factor)


State 86

   12 arit_expr: arit_expr • ADD arit_term
   13          | arit_expr • SUB arit_term
   28 arit_factor: arit_expr •
   34 bool_expr: arit_expr LOW arit_expr •

    ADD  shift, and go to state 73
    SUB  shift, and go to state 52

    ENDLINE   reduce using rule 28 (arit_factor)
    ENDLINE   [reduce using rule 34 (bool_expr)]
    ADD       [reduce using rule 28 (arit_factor)]
    SUB       [reduce using rule 28 (arit_factor)]
    AND       reduce using rule 28 (arit_factor)
    AND       [reduce using rule 34 (bool_expr)]
    ORR       reduce using rule 28 (arit_factor)
    ORR       [reduce using rule 34 (bool_expr)]
    ')'       reduce using rule 28 (arit_factor)
    ')'       [reduce using rule 34 (bool_expr)]
    $default  reduce using rule 28 (arit_factor)


State 87

   12 arit_expr: arit_expr • ADD arit_term
   13          | arit_expr • SUB arit_term
   28 arit_factor: arit_expr •
   35 bool_expr: arit_expr LEQ arit_expr •

    ADD  shift, and go to state 73
    SUB  shift, and go to state 52

    ENDLINE   reduce using rule 28 (arit_factor)
    ENDLINE   [reduce using rule 35 (bool_expr)]
    ADD       [reduce using rule 28 (arit_factor)]
    SUB       [reduce using rule 28 (arit_factor)]
    AND       reduce using rule 28 (arit_factor)
    AND       [reduce using rule 35 (bool_expr)]
    ORR       reduce using rule 28 (arit_factor)
    ORR       [reduce using rule 35 (bool_expr)]
    ')'       reduce using rule 28 (arit_factor)
    ')'       [reduce using rule 35 (bool_expr)]
    $default  reduce using rule 28 (arit_factor)


State 88

   12 arit_expr: arit_expr • ADD arit_term
   13          | arit_expr • SUB arit_term
   28 arit_factor: arit_expr •
   36 bool_expr: arit_expr EQU arit_expr •

    ADD  shift, and go to state 73
    SUB  shift, and go to state 52

    ENDLINE   reduce using rule 28 (arit_factor)
    ENDLINE   [reduce using rule 36 (bool_expr)]
    ADD       [reduce using rule 28 (arit_factor)]
    SUB       [reduce using rule 28 (arit_factor)]
    AND       reduce using rule 28 (arit_factor)
    AND       [reduce using rule 36 (bool_expr)]
    ORR       reduce using rule 28 (arit_factor)
    ORR       [reduce using rule 36 (bool_expr)]
    ')'       reduce using rule 28 (arit_factor)
    ')'       [reduce using rule 36 (bool_expr)]
    $default  reduce using rule 28 (arit_factor)


State 89

   12 arit_expr: arit_expr • ADD arit_term
   13          | arit_expr • SUB arit_term
   28 arit_factor: arit_expr •
   37 bool_expr: arit_expr NEQ arit_expr •

    ADD  shift, and go to state 73
    SUB  shift, and go to state 52

    ENDLINE   reduce using rule 28 (arit_factor)
    ENDLINE   [reduce using rule 37 (bool_expr)]
    ADD       [reduce using rule 28 (arit_factor)]
    SUB       [reduce using rule 28 (arit_factor)]
    AND       reduce using rule 28 (arit_factor)
    AND       [reduce using rule 37 (bool_expr)]
    ORR       reduce using rule 28 (arit_factor)
    ORR       [reduce using rule 37 (bool_expr)]
    ')'       reduce using rule 28 (arit_factor)
    ')'       [reduce using rule 37 (bool_expr)]
    $default  reduce using rule 28 (arit_factor)


State 90

   15 arit_term: arit_term MUL arit_pow •
   18          | arit_pow •
   19 arit_pow: arit_pow • ADD arit_factor

    ADD  shift, and go to state 62

    ID        reduce using rule 15 (arit_term)
    ID        [reduce using rule 18 (arit_term)]
    INT       reduce using rule 15 (arit_term)
    INT       [reduce using rule 18 (arit_term)]
    FLOAT     reduce using rule 15 (arit_term)
    FLOAT     [reduce using rule 18 (arit_term)]
    PI        reduce using rule 15 (arit_term)
    PI        [reduce using rule 18 (arit_term)]
    E         reduce using rule 15 (arit_term)
    E         [reduce using rule 18 (arit_term)]
    SIN       reduce using rule 15 (arit_term)
    SIN       [reduce using rule 18 (arit_term)]
    COS       reduce using rule 15 (arit_term)
    COS       [reduce using rule 18 (arit_term)]
    TAN       reduce using rule 15 (arit_term)
    TAN       [reduce using rule 18 (arit_term)]
    ENDLINE   reduce using rule 15 (arit_term)
    ENDLINE   [reduce using rule 18 (arit_term)]
    ADD       [reduce using rule 15 (arit_term)]
    ADD       [reduce using rule 18 (arit_term)]
    SUB       reduce using rule 15 (arit_term)
    SUB       [reduce using rule 18 (arit_term)]
    MUL       reduce using rule 15 (arit_term)
    MUL       [reduce using rule 18 (arit_term)]
    DIV       reduce using rule 15 (arit_term)
    DIV       [reduce using rule 18 (arit_term)]
    MOD       reduce using rule 15 (arit_term)
    MOD       [reduce using rule 18 (arit_term)]
    HIG       reduce using rule 15 (arit_term)
    HIG       [reduce using rule 18 (arit_term)]
    HEQ       reduce using rule 15 (arit_term)
    HEQ       [reduce using rule 18 (arit_term)]
    LOW       reduce using rule 15 (arit_term)
    LOW       [reduce using rule 18 (arit_term)]
    LEQ       reduce using rule 15 (arit_term)
    LEQ       [reduce using rule 18 (arit_term)]
    EQU       reduce using rule 15 (arit_term)
    EQU       [reduce using rule 18 (arit_term)]
    NEQ       reduce using rule 15 (arit_term)
    NEQ       [reduce using rule 18 (arit_term)]
    AND       reduce using rule 15 (arit_term)
    AND       [reduce using rule 18 (arit_term)]
    ORR       reduce using rule 15 (arit_term)
    ORR       [reduce using rule 18 (arit_term)]
    LEN       reduce using rule 15 (arit_term)
    LEN       [reduce using rule 18 (arit_term)]
    '('       reduce using rule 15 (arit_term)
    '('       [reduce using rule 18 (arit_term)]
    ')'       reduce using rule 15 (arit_term)
    ')'       [reduce using rule 18 (arit_term)]
    $default  reduce using rule 15 (arit_term)


State 91

   16 arit_term: arit_term DIV arit_pow •
   18          | arit_pow •
   19 arit_pow: arit_pow • ADD arit_factor

    ADD  shift, and go to state 62

    ID        reduce using rule 16 (arit_term)
    ID        [reduce using rule 18 (arit_term)]
    INT       reduce using rule 16 (arit_term)
    INT       [reduce using rule 18 (arit_term)]
    FLOAT     reduce using rule 16 (arit_term)
    FLOAT     [reduce using rule 18 (arit_term)]
    PI        reduce using rule 16 (arit_term)
    PI        [reduce using rule 18 (arit_term)]
    E         reduce using rule 16 (arit_term)
    E         [reduce using rule 18 (arit_term)]
    SIN       reduce using rule 16 (arit_term)
    SIN       [reduce using rule 18 (arit_term)]
    COS       reduce using rule 16 (arit_term)
    COS       [reduce using rule 18 (arit_term)]
    TAN       reduce using rule 16 (arit_term)
    TAN       [reduce using rule 18 (arit_term)]
    ENDLINE   reduce using rule 16 (arit_term)
    ENDLINE   [reduce using rule 18 (arit_term)]
    ADD       [reduce using rule 16 (arit_term)]
    ADD       [reduce using rule 18 (arit_term)]
    SUB       reduce using rule 16 (arit_term)
    SUB       [reduce using rule 18 (arit_term)]
    MUL       reduce using rule 16 (arit_term)
    MUL       [reduce using rule 18 (arit_term)]
    DIV       reduce using rule 16 (arit_term)
    DIV       [reduce using rule 18 (arit_term)]
    MOD       reduce using rule 16 (arit_term)
    MOD       [reduce using rule 18 (arit_term)]
    HIG       reduce using rule 16 (arit_term)
    HIG       [reduce using rule 18 (arit_term)]
    HEQ       reduce using rule 16 (arit_term)
    HEQ       [reduce using rule 18 (arit_term)]
    LOW       reduce using rule 16 (arit_term)
    LOW       [reduce using rule 18 (arit_term)]
    LEQ       reduce using rule 16 (arit_term)
    LEQ       [reduce using rule 18 (arit_term)]
    EQU       reduce using rule 16 (arit_term)
    EQU       [reduce using rule 18 (arit_term)]
    NEQ       reduce using rule 16 (arit_term)
    NEQ       [reduce using rule 18 (arit_term)]
    AND       reduce using rule 16 (arit_term)
    AND       [reduce using rule 18 (arit_term)]
    ORR       reduce using rule 16 (arit_term)
    ORR       [reduce using rule 18 (arit_term)]
    LEN       reduce using rule 16 (arit_term)
    LEN       [reduce using rule 18 (arit_term)]
    '('       reduce using rule 16 (arit_term)
    '('       [reduce using rule 18 (arit_term)]
    ')'       reduce using rule 16 (arit_term)
    ')'       [reduce using rule 18 (arit_term)]
    $default  reduce using rule 16 (arit_term)


State 92

   17 arit_term: arit_term MOD arit_pow •
   18          | arit_pow •
   19 arit_pow: arit_pow • ADD arit_factor

    ADD  shift, and go to state 62

    ID        reduce using rule 17 (arit_term)
    ID        [reduce using rule 18 (arit_term)]
    INT       reduce using rule 17 (arit_term)
    INT       [reduce using rule 18 (arit_term)]
    FLOAT     reduce using rule 17 (arit_term)
    FLOAT     [reduce using rule 18 (arit_term)]
    PI        reduce using rule 17 (arit_term)
    PI        [reduce using rule 18 (arit_term)]
    E         reduce using rule 17 (arit_term)
    E         [reduce using rule 18 (arit_term)]
    SIN       reduce using rule 17 (arit_term)
    SIN       [reduce using rule 18 (arit_term)]
    COS       reduce using rule 17 (arit_term)
    COS       [reduce using rule 18 (arit_term)]
    TAN       reduce using rule 17 (arit_term)
    TAN       [reduce using rule 18 (arit_term)]
    ENDLINE   reduce using rule 17 (arit_term)
    ENDLINE   [reduce using rule 18 (arit_term)]
    ADD       [reduce using rule 17 (arit_term)]
    ADD       [reduce using rule 18 (arit_term)]
    SUB       reduce using rule 17 (arit_term)
    SUB       [reduce using rule 18 (arit_term)]
    MUL       reduce using rule 17 (arit_term)
    MUL       [reduce using rule 18 (arit_term)]
    DIV       reduce using rule 17 (arit_term)
    DIV       [reduce using rule 18 (arit_term)]
    MOD       reduce using rule 17 (arit_term)
    MOD       [reduce using rule 18 (arit_term)]
    HIG       reduce using rule 17 (arit_term)
    HIG       [reduce using rule 18 (arit_term)]
    HEQ       reduce using rule 17 (arit_term)
    HEQ       [reduce using rule 18 (arit_term)]
    LOW       reduce using rule 17 (arit_term)
    LOW       [reduce using rule 18 (arit_term)]
    LEQ       reduce using rule 17 (arit_term)
    LEQ       [reduce using rule 18 (arit_term)]
    EQU       reduce using rule 17 (arit_term)
    EQU       [reduce using rule 18 (arit_term)]
    NEQ       reduce using rule 17 (arit_term)
    NEQ       [reduce using rule 18 (arit_term)]
    AND       reduce using rule 17 (arit_term)
    AND       [reduce using rule 18 (arit_term)]
    ORR       reduce using rule 17 (arit_term)
    ORR       [reduce using rule 18 (arit_term)]
    LEN       reduce using rule 17 (arit_term)
    LEN       [reduce using rule 18 (arit_term)]
    '('       reduce using rule 17 (arit_term)
    '('       [reduce using rule 18 (arit_term)]
    ')'       reduce using rule 17 (arit_term)
    ')'       [reduce using rule 18 (arit_term)]
    $default  reduce using rule 17 (arit_term)


State 93

   19 arit_pow: arit_pow ADD arit_factor •
   20         | arit_factor •

    ID        reduce using rule 19 (arit_pow)
    ID        [reduce using rule 20 (arit_pow)]
    INT       reduce using rule 19 (arit_pow)
    INT       [reduce using rule 20 (arit_pow)]
    FLOAT     reduce using rule 19 (arit_pow)
    FLOAT     [reduce using rule 20 (arit_pow)]
    PI        reduce using rule 19 (arit_pow)
    PI        [reduce using rule 20 (arit_pow)]
    E         reduce using rule 19 (arit_pow)
    E         [reduce using rule 20 (arit_pow)]
    SIN       reduce using rule 19 (arit_pow)
    SIN       [reduce using rule 20 (arit_pow)]
    COS       reduce using rule 19 (arit_pow)
    COS       [reduce using rule 20 (arit_pow)]
    TAN       reduce using rule 19 (arit_pow)
    TAN       [reduce using rule 20 (arit_pow)]
    ENDLINE   reduce using rule 19 (arit_pow)
    ENDLINE   [reduce using rule 20 (arit_pow)]
    ADD       reduce using rule 19 (arit_pow)
    ADD       [reduce using rule 20 (arit_pow)]
    SUB       reduce using rule 19 (arit_pow)
    SUB       [reduce using rule 20 (arit_pow)]
    MUL       reduce using rule 19 (arit_pow)
    MUL       [reduce using rule 20 (arit_pow)]
    DIV       reduce using rule 19 (arit_pow)
    DIV       [reduce using rule 20 (arit_pow)]
    MOD       reduce using rule 19 (arit_pow)
    MOD       [reduce using rule 20 (arit_pow)]
    HIG       reduce using rule 19 (arit_pow)
    HIG       [reduce using rule 20 (arit_pow)]
    HEQ       reduce using rule 19 (arit_pow)
    HEQ       [reduce using rule 20 (arit_pow)]
    LOW       reduce using rule 19 (arit_pow)
    LOW       [reduce using rule 20 (arit_pow)]
    LEQ       reduce using rule 19 (arit_pow)
    LEQ       [reduce using rule 20 (arit_pow)]
    EQU       reduce using rule 19 (arit_pow)
    EQU       [reduce using rule 20 (arit_pow)]
    NEQ       reduce using rule 19 (arit_pow)
    NEQ       [reduce using rule 20 (arit_pow)]
    AND       reduce using rule 19 (arit_pow)
    AND       [reduce using rule 20 (arit_pow)]
    ORR       reduce using rule 19 (arit_pow)
    ORR       [reduce using rule 20 (arit_pow)]
    LEN       reduce using rule 19 (arit_pow)
    LEN       [reduce using rule 20 (arit_pow)]
    '('       reduce using rule 19 (arit_pow)
    '('       [reduce using rule 20 (arit_pow)]
    ')'       reduce using rule 19 (arit_pow)
    ')'       [reduce using rule 20 (arit_pow)]
    $default  reduce using rule 19 (arit_pow)


State 94

   39 bool_orr: bool_orr ORR bool_and •
   40         | bool_and •
   41 bool_and: bool_and • AND bool_not

    AND  shift, and go to state 64

    ENDLINE   reduce using rule 39 (bool_orr)
    ENDLINE   [reduce using rule 40 (bool_orr)]
    AND       [reduce using rule 39 (bool_orr)]
    AND       [reduce using rule 40 (bool_orr)]
    ORR       reduce using rule 39 (bool_orr)
    ORR       [reduce using rule 40 (bool_orr)]
    ')'       reduce using rule 39 (bool_orr)
    ')'       [reduce using rule 40 (bool_orr)]
    $default  reduce using rule 39 (bool_orr)


State 95

   41 bool_and: bool_and AND bool_not •
   42         | bool_not •

    ENDLINE   reduce using rule 41 (bool_and)
    ENDLINE   [reduce using rule 42 (bool_and)]
    AND       reduce using rule 41 (bool_and)
    AND       [reduce using rule 42 (bool_and)]
    ORR       reduce using rule 41 (bool_and)
    ORR       [reduce using rule 42 (bool_and)]
    ')'       reduce using rule 41 (bool_and)
    ')'       [reduce using rule 42 (bool_and)]
    $default  reduce using rule 41 (bool_and)


State 96

   12 arit_expr: arit_expr • ADD arit_term
   13          | arit_expr • SUB arit_term
   28 arit_factor: arit_expr •
   51 str_expr: str_expr ADD arit_expr •
   52         | arit_expr • ADD str_expr

    ADD  shift, and go to state 51
    SUB  shift, and go to state 52

    ID        reduce using rule 28 (arit_factor)
    ID        [reduce using rule 51 (str_expr)]
    INT       reduce using rule 28 (arit_factor)
    INT       [reduce using rule 51 (str_expr)]
    FLOAT     reduce using rule 28 (arit_factor)
    FLOAT     [reduce using rule 51 (str_expr)]
    PI        reduce using rule 28 (arit_factor)
    PI        [reduce using rule 51 (str_expr)]
    E         reduce using rule 28 (arit_factor)
    E         [reduce using rule 51 (str_expr)]
    SIN       reduce using rule 28 (arit_factor)
    SIN       [reduce using rule 51 (str_expr)]
    COS       reduce using rule 28 (arit_factor)
    COS       [reduce using rule 51 (str_expr)]
    TAN       reduce using rule 28 (arit_factor)
    TAN       [reduce using rule 51 (str_expr)]
    ENDLINE   reduce using rule 28 (arit_factor)
    ENDLINE   [reduce using rule 51 (str_expr)]
    ADD       [reduce using rule 28 (arit_factor)]
    ADD       [reduce using rule 51 (str_expr)]
    SUB       [reduce using rule 28 (arit_factor)]
    SUB       [reduce using rule 51 (str_expr)]
    MUL       reduce using rule 28 (arit_factor)
    MUL       [reduce using rule 51 (str_expr)]
    DIV       reduce using rule 28 (arit_factor)
    DIV       [reduce using rule 51 (str_expr)]
    MOD       reduce using rule 28 (arit_factor)
    MOD       [reduce using rule 51 (str_expr)]
    HIG       reduce using rule 28 (arit_factor)
    HIG       [reduce using rule 51 (str_expr)]
    HEQ       reduce using rule 28 (arit_factor)
    HEQ       [reduce using rule 51 (str_expr)]
    LOW       reduce using rule 28 (arit_factor)
    LOW       [reduce using rule 51 (str_expr)]
    LEQ       reduce using rule 28 (arit_factor)
    LEQ       [reduce using rule 51 (str_expr)]
    EQU       reduce using rule 28 (arit_factor)
    EQU       [reduce using rule 51 (str_expr)]
    NEQ       reduce using rule 28 (arit_factor)
    NEQ       [reduce using rule 51 (str_expr)]
    AND       reduce using rule 28 (arit_factor)
    AND       [reduce using rule 51 (str_expr)]
    ORR       reduce using rule 28 (arit_factor)
    ORR       [reduce using rule 51 (str_expr)]
    LEN       reduce using rule 28 (arit_factor)
    LEN       [reduce using rule 51 (str_expr)]
    '('       reduce using rule 28 (arit_factor)
    '('       [reduce using rule 51 (str_expr)]
    ')'       reduce using rule 28 (arit_factor)
    ')'       [reduce using rule 51 (str_expr)]
    $default  reduce using rule 28 (arit_factor)


State 97

   50 str_expr: str_expr • ADD str_expr
   50         | str_expr ADD str_expr •
   51         | str_expr • ADD arit_expr

    ADD  shift, and go to state 65

    ADD       [reduce using rule 50 (str_expr)]
    $default  reduce using rule 50 (str_expr)


State 98

   30 arit_factor: ID ASSIGN INT •

    $default  reduce using rule 30 (arit_factor)


State 99

   31 arit_factor: ID ASSIGN FLOAT •

    $default  reduce using rule 31 (arit_factor)


State 100

   11 arit_expr: ADD arit_expr •
   12          | arit_expr • ADD arit_term
   13          | arit_expr • SUB arit_term
   28 arit_factor: arit_expr •
   51 str_expr: str_expr ADD arit_expr •
   52         | arit_expr • ADD str_expr

    ADD  shift, and go to state 51
    SUB  shift, and go to state 52

    ID        reduce using rule 11 (arit_expr)
    ID        [reduce using rule 28 (arit_factor)]
    ID        [reduce using rule 51 (str_expr)]
    INT       reduce using rule 11 (arit_expr)
    INT       [reduce using rule 28 (arit_factor)]
    INT       [reduce using rule 51 (str_expr)]
    FLOAT     reduce using rule 11 (arit_expr)
    FLOAT     [reduce using rule 28 (arit_factor)]
    FLOAT     [reduce using rule 51 (str_expr)]
    PI        reduce using rule 11 (arit_expr)
    PI        [reduce using rule 28 (arit_factor)]
    PI        [reduce using rule 51 (str_expr)]
    E         reduce using rule 11 (arit_expr)
    E         [reduce using rule 28 (arit_factor)]
    E         [reduce using rule 51 (str_expr)]
    SIN       reduce using rule 11 (arit_expr)
    SIN       [reduce using rule 28 (arit_factor)]
    SIN       [reduce using rule 51 (str_expr)]
    COS       reduce using rule 11 (arit_expr)
    COS       [reduce using rule 28 (arit_factor)]
    COS       [reduce using rule 51 (str_expr)]
    TAN       reduce using rule 11 (arit_expr)
    TAN       [reduce using rule 28 (arit_factor)]
    TAN       [reduce using rule 51 (str_expr)]
    ADD       [reduce using rule 11 (arit_expr)]
    ADD       [reduce using rule 28 (arit_factor)]
    ADD       [reduce using rule 51 (str_expr)]
    SUB       [reduce using rule 11 (arit_expr)]
    SUB       [reduce using rule 28 (arit_factor)]
    SUB       [reduce using rule 51 (str_expr)]
    MUL       reduce using rule 11 (arit_expr)
    MUL       [reduce using rule 28 (arit_factor)]
    DIV       reduce using rule 11 (arit_expr)
    DIV       [reduce using rule 28 (arit_factor)]
    MOD       reduce using rule 11 (arit_expr)
    MOD       [reduce using rule 28 (arit_factor)]
    LEN       reduce using rule 11 (arit_expr)
    LEN       [reduce using rule 28 (arit_factor)]
    LEN       [reduce using rule 51 (str_expr)]
    '('       reduce using rule 11 (arit_expr)
    '('       [reduce using rule 28 (arit_factor)]
    '('       [reduce using rule 51 (str_expr)]
    $default  reduce using rule 11 (arit_expr)


State 101

   11 arit_expr: ADD • arit_expr
   12          | arit_expr ADD • arit_term

    ID     shift, and go to state 32
    INT    shift, and go to state 2
    FLOAT  shift, and go to state 4
    PI     shift, and go to state 5
    E      shift, and go to state 6
    SIN    shift, and go to state 7
    COS    shift, and go to state 8
    TAN    shift, and go to state 9
    ADD    shift, and go to state 12
    SUB    shift, and go to state 13
    LEN    shift, and go to state 15
    '('    shift, and go to state 33

    arit_expr    go to state 38
    arit_term    go to state 80
    arit_pow     go to state 23
    arit_factor  go to state 24


State 102

   10 arit_expr: SUB • arit_expr
   13          | arit_expr SUB • arit_term

    ID     shift, and go to state 32
    INT    shift, and go to state 2
    FLOAT  shift, and go to state 4
    PI     shift, and go to state 5
    E      shift, and go to state 6
    SIN    shift, and go to state 7
    COS    shift, and go to state 8
    TAN    shift, and go to state 9
    ADD    shift, and go to state 12
    SUB    shift, and go to state 13
    LEN    shift, and go to state 15
    '('    shift, and go to state 33

    arit_expr    go to state 39
    arit_term    go to state 83
    arit_pow     go to state 23
    arit_factor  go to state 24


State 103

   12 arit_expr: arit_expr • ADD arit_term
   13          | arit_expr • SUB arit_term
   28 arit_factor: arit_expr •
   53 str_expr: SUBSTR str_expr arit_expr arit_expr •

    ADD  shift, and go to state 73
    SUB  shift, and go to state 52

    ID        reduce using rule 28 (arit_factor)
    ID        [reduce using rule 53 (str_expr)]
    INT       reduce using rule 28 (arit_factor)
    INT       [reduce using rule 53 (str_expr)]
    FLOAT     reduce using rule 28 (arit_factor)
    FLOAT     [reduce using rule 53 (str_expr)]
    PI        reduce using rule 28 (arit_factor)
    PI        [reduce using rule 53 (str_expr)]
    E         reduce using rule 28 (arit_factor)
    E         [reduce using rule 53 (str_expr)]
    SIN       reduce using rule 28 (arit_factor)
    SIN       [reduce using rule 53 (str_expr)]
    COS       reduce using rule 28 (arit_factor)
    COS       [reduce using rule 53 (str_expr)]
    TAN       reduce using rule 28 (arit_factor)
    TAN       [reduce using rule 53 (str_expr)]
    ENDLINE   reduce using rule 28 (arit_factor)
    ENDLINE   [reduce using rule 53 (str_expr)]
    ADD       [reduce using rule 28 (arit_factor)]
    ADD       [reduce using rule 53 (str_expr)]
    SUB       [reduce using rule 28 (arit_factor)]
    SUB       [reduce using rule 53 (str_expr)]
    MUL       reduce using rule 28 (arit_factor)
    MUL       [reduce using rule 53 (str_expr)]
    DIV       reduce using rule 28 (arit_factor)
    DIV       [reduce using rule 53 (str_expr)]
    MOD       reduce using rule 28 (arit_factor)
    MOD       [reduce using rule 53 (str_expr)]
    HIG       reduce using rule 28 (arit_factor)
    HIG       [reduce using rule 53 (str_expr)]
    HEQ       reduce using rule 28 (arit_factor)
    HEQ       [reduce using rule 53 (str_expr)]
    LOW       reduce using rule 28 (arit_factor)
    LOW       [reduce using rule 53 (str_expr)]
    LEQ       reduce using rule 28 (arit_factor)
    LEQ       [reduce using rule 53 (str_expr)]
    EQU       reduce using rule 28 (arit_factor)
    EQU       [reduce using rule 53 (str_expr)]
    NEQ       reduce using rule 28 (arit_factor)
    NEQ       [reduce using rule 53 (str_expr)]
    AND       reduce using rule 28 (arit_factor)
    AND       [reduce using rule 53 (str_expr)]
    ORR       reduce using rule 28 (arit_factor)
    ORR       [reduce using rule 53 (str_expr)]
    LEN       reduce using rule 28 (arit_factor)
    LEN       [reduce using rule 53 (str_expr)]
    '('       reduce using rule 28 (arit_factor)
    '('       [reduce using rule 53 (str_expr)]
    ')'       reduce using rule 28 (arit_factor)
    ')'       [reduce using rule 53 (str_expr)]
    $default  reduce using rule 28 (arit_factor)
